#
# A fatal error has been detected by the Java Runtime Environment:
#
#  EXCEPTION_ACCESS_VIOLATION (0xc0000005) at pc=0x5d01e5c9, pid=892, tid=0x00001140
#
# JRE version: Java(TM) SE Runtime Environment (8.0_111-b14) (build 1.8.0_111-b14)
# Java VM: Java HotSpot(TM) Client VM (25.111-b14 mixed mode, sharing windows-x86 )
# Problematic frame:
# C  [opencv_java2411.dll+0x6e5c9]
#
# Failed to write core dump. Minidumps are not enabled by default on client versions of Windows
#
# If you would like to submit a bug report, please visit:
#   http://bugreport.java.com/bugreport/crash.jsp
# The crash happened outside the Java Virtual Machine in native code.
# See problematic frame for where to report the bug.
#

---------------  T H R E A D  ---------------

Current thread (0x01715400):  JavaThread "Finalizer" daemon [_thread_in_native, id=4416, stack(0x039a0000,0x039f0000)]

siginfo: ExceptionCode=0xc0000005, writing address 0x1e298030

Registers:
EAX=0xffffffff, EBX=0x00000000, ECX=0x1e298030, EDX=0x01715540
ESP=0x039ef538, EBP=0x039ef538, ESI=0x173e8f78, EDI=0x00000000
EIP=0x5d01e5c9, EFLAGS=0x00010206

Top of Stack: (sp=0x039ef538)
0x039ef538:   039ef558 5cfb1475 1e298030 ffffffff
0x039ef548:   01715400 173e8f78 5cfbbea2 039ef578
0x039ef558:   039ef588 0190052b 01715540 039ef578
0x039ef568:   173e8f78 00000000 039ef588 039ef588
0x039ef578:   093e4828 00000003 090150e8 039ef5d4
0x039ef588:   039ef65c 01a508f4 173e8f78 00000000
0x039ef598:   16e959e0 00000000 081c3610 039ef65c
0x039ef5a8:   039ef65c 019b38c0 090150e8 090150e0 

Instructions: (pc=0x5d01e5c9)
0x5d01e5a9:   1c 66 40 00 83 c4 04 c7 06 00 00 00 00 5e c3 cc
0x5d01e5b9:   cc cc cc cc cc cc cc 55 8b ec 8b 45 0c 8b 4d 08
0x5d01e5c9:   f0 0f c1 01 5d c3 cc 55 8b ec 6a ff 68 9b 9f 4a
0x5d01e5d9:   5d 64 a1 00 00 00 00 50 51 56 57 a1 20 14 71 5d 


Register to memory mapping:

EAX=0xffffffff is an unknown value
EBX=0x00000000 is an unknown value
ECX=0x1e298030 is an unknown value
EDX=0x01715540 is an unknown value
ESP=0x039ef538 is pointing into the stack for thread: 0x01715400
EBP=0x039ef538 is pointing into the stack for thread: 0x01715400
ESI=0x173e8f78 is an unknown value
EDI=0x00000000 is an unknown value


Stack: [0x039a0000,0x039f0000],  sp=0x039ef538,  free space=317k
Native frames: (J=compiled Java code, j=interpreted, Vv=VM code, C=native code)
C  [opencv_java2411.dll+0x6e5c9]
C  [opencv_java2411.dll+0x1475]
J 3083  org.opencv.core.Mat.n_delete(J)V (0 bytes) @ 0x0190052b [0x019004a0+0x8b]
J 15665 C1 org.opencv.core.Mat.finalize()V (12 bytes) @ 0x01a508f4 [0x01a508c0+0x34]
J 15295 C1 java.lang.ref.Finalizer.runFinalizer(Lsun/misc/JavaLangAccess;)V (62 bytes) @ 0x019b38c0 [0x019b3720+0x1a0]
J 5555% C1 java.lang.ref.Finalizer$FinalizerThread.run()V (55 bytes) @ 0x019f790c [0x019f7660+0x2ac]
v  ~StubRoutines::call_stub
V  [jvm.dll+0x15a895]
V  [jvm.dll+0x220bfe]
V  [jvm.dll+0x15a92e]
V  [jvm.dll+0x15aab6]
V  [jvm.dll+0x15ab27]
V  [jvm.dll+0xfef8f]
V  [jvm.dll+0x17d6f0]
V  [jvm.dll+0x17df6a]
V  [jvm.dll+0x1c29c6]
C  [msvcr100.dll+0x5c556]
C  [msvcr100.dll+0x5c600]
C  [KERNEL32.DLL+0x18e94]
C  [ntdll.dll+0x69bc3]
C  [ntdll.dll+0x69b92]
C  0x00000000

Java frames: (J=compiled Java code, j=interpreted, Vv=VM code)
J 3083  org.opencv.core.Mat.n_delete(J)V (0 bytes) @ 0x019004e7 [0x019004a0+0x47]
J 15665 C1 org.opencv.core.Mat.finalize()V (12 bytes) @ 0x01a508f4 [0x01a508c0+0x34]
J 15295 C1 java.lang.ref.Finalizer.runFinalizer(Lsun/misc/JavaLangAccess;)V (62 bytes) @ 0x019b38c0 [0x019b3720+0x1a0]
J 5555% C1 java.lang.ref.Finalizer$FinalizerThread.run()V (55 bytes) @ 0x019f790c [0x019f7660+0x2ac]
v  ~StubRoutines::call_stub

---------------  P R O C E S S  ---------------

Java Threads: ( => current thread )
  0x16229400 JavaThread "Thread-19" daemon [_thread_blocked, id=1304, stack(0x28430000,0x28480000)]
  0x1622b000 JavaThread "pool-11-thread-1" [_thread_blocked, id=6920, stack(0x283e0000,0x28430000)]
  0x15bff000 JavaThread "pool-10-thread-1" [_thread_blocked, id=7432, stack(0x234b0000,0x23500000)]
  0x15bfd400 JavaThread "Thread-17" daemon [_thread_blocked, id=4640, stack(0x20710000,0x20760000)]
  0x15c01000 JavaThread "pool-5-thread-1" [_thread_blocked, id=4952, stack(0x1e790000,0x1e7e0000)]
  0x15c00800 JavaThread "Thread-14" daemon [_thread_in_native, id=6944, stack(0x1b190000,0x1b1e0000)]
  0x15bfe800 JavaThread "pool-3-thread-1" [_thread_blocked, id=5496, stack(0x18030000,0x18080000)]
  0x15c00000 JavaThread "Thread-12" daemon [_thread_blocked, id=336, stack(0x17e00000,0x17e50000)]
  0x15bffc00 JavaThread "Thread-10" daemon [_thread_blocked, id=5276, stack(0x17550000,0x175a0000)]
  0x15bfe400 JavaThread "Thread-9" daemon [_thread_in_native, id=6592, stack(0x17500000,0x17550000)]
  0x15bfdc00 JavaThread "Thread-6" daemon [_thread_in_native, id=7348, stack(0x16c50000,0x16ca0000)]
  0x15bff400 JavaThread "JavaFX Application Thread" [_thread_in_native, id=4148, stack(0x16650000,0x166a0000)]
  0x15bb3000 JavaThread "Thread-5" daemon [_thread_blocked, id=6300, stack(0x16600000,0x16650000)]
  0x1517b800 JavaThread "QuantumRenderer-0" daemon [_thread_blocked, id=4936, stack(0x165b0000,0x16600000)]
  0x15c78000 JavaThread "TimerQueue" daemon [_thread_blocked, id=1156, stack(0x16410000,0x16460000)]
  0x150cf000 JavaThread "Batik CleanerThread" daemon [_thread_blocked, id=5900, stack(0x15460000,0x154b0000)]
  0x0093e000 JavaThread "DestroyJavaVM" [_thread_blocked, id=3200, stack(0x008d0000,0x00920000)]
  0x15062400 JavaThread "AWT-EventQueue-0" [_thread_blocked, id=672, stack(0x15410000,0x15460000)]
  0x14f92800 JavaThread "AWT-Windows" daemon [_thread_in_native, id=7604, stack(0x153c0000,0x15410000)]
  0x14f91c00 JavaThread "AWT-Shutdown" [_thread_blocked, id=6148, stack(0x15260000,0x152b0000)]
  0x14f8f000 JavaThread "Java2D Disposer" daemon [_thread_blocked, id=3980, stack(0x14690000,0x146e0000)]
  0x01746800 JavaThread "Service Thread" daemon [_thread_blocked, id=6452, stack(0x145f0000,0x14640000)]
  0x01720800 JavaThread "C1 CompilerThread0" daemon [_thread_blocked, id=4976, stack(0x145a0000,0x145f0000)]
  0x0171f800 JavaThread "Attach Listener" daemon [_thread_blocked, id=6616, stack(0x14550000,0x145a0000)]
  0x01717000 JavaThread "Signal Dispatcher" daemon [_thread_blocked, id=3916, stack(0x14500000,0x14550000)]
=>0x01715400 JavaThread "Finalizer" daemon [_thread_in_native, id=4416, stack(0x039a0000,0x039f0000)]
  0x016b8c00 JavaThread "Reference Handler" daemon [_thread_blocked, id=7484, stack(0x03950000,0x039a0000)]

Other Threads:
  0x016b5000 VMThread [stack: 0x03900000,0x03950000] [id=6536]
  0x01755400 WatcherThread [stack: 0x14640000,0x14690000] [id=6140]

VM state:not at safepoint (normal execution)

VM Mutex/Monitor currently owned by a thread: None

Heap:
 def new generation   total 76224K, used 33760K [0x03a00000, 0x08cb0000, 0x08f50000)
  eden space 67776K,  41% used [0x03a00000, 0x05564a78, 0x07c30000)
  from space 8448K,  67% used [0x07c30000, 0x081c3750, 0x08470000)
  to   space 8448K,   0% used [0x08470000, 0x08470000, 0x08cb0000)
 tenured generation   total 169160K, used 122475K [0x08f50000, 0x13482000, 0x13a00000)
   the space 169160K,  72% used [0x08f50000, 0x106eaf40, 0x106eb000, 0x13482000)
 Metaspace       used 14751K, capacity 15449K, committed 15488K, reserved 15744K

Card table byte_map: [0x03810000,0x038a0000] byte_map_base: 0x037f3000

Polling page: 0x00920000

CodeCache: size=32768Kb used=2593Kb max_used=3838Kb free=30174Kb
 bounds [0x01790000, 0x01b70000, 0x03790000]
 total_blobs=1884 nmethods=1304 adapters=507
 compilation: enabled

Compilation events (10 events):
Event: 1601.933 Thread 0x01720800 16169             org.openpnp.machine.reference.driver.TVM920Control$Status::arraysAreSame (46 bytes)
Event: 1601.935 Thread 0x01720800 nmethod 16169 0x0191ac88 code [0x0191ad90, 0x0191aeb0]
Event: 1603.732 Thread 0x01720800 16170             java.net.InetAddress::holder (5 bytes)
Event: 1603.734 Thread 0x01720800 nmethod 16170 0x0188c5c8 code [0x0188c6c0, 0x0188c740]
Event: 1604.931 Thread 0x01720800 16171             com.sun.javafx.geom.RectBounds::contains (70 bytes)
Event: 1604.933 Thread 0x01720800 nmethod 16171 0x01956cc8 code [0x01956dc0, 0x01956f50]
Event: 1605.155 Thread 0x01720800 16172             java.util.WeakHashMap::<init> (133 bytes)
Event: 1605.161 Thread 0x01720800 nmethod 16172 0x01a65308 code [0x01a654a0, 0x01a65afc]
Event: 1605.348 Thread 0x01720800 16173             com.sun.prism.PixelFormat$DataType::getSizeInBytes (5 bytes)
Event: 1605.349 Thread 0x01720800 nmethod 16173 0x01a3d048 code [0x01a3d140, 0x01a3d1c0]

GC Heap History (10 events):
Event: 1603.867 GC heap before
{Heap before GC invocations=1963 (full 15):
 def new generation   total 76224K, used 73680K [0x03a00000, 0x08cb0000, 0x08f50000)
  eden space 67776K,  99% used [0x03a00000, 0x07c15420, 0x07c30000)
  from space 8448K,  71% used [0x08470000, 0x08a4ec98, 0x08cb0000)
  to   space 8448K,   0% used [0x07c30000, 0x07c30000, 0x08470000)
 tenured generation   total 169160K, used 116467K [0x08f50000, 0x13482000, 0x13a00000)
   the space 169160K,  68% used [0x08f50000, 0x1010ce30, 0x1010d000, 0x13482000)
 Metaspace       used 14751K, capacity 15449K, committed 15488K, reserved 15744K
Event: 1603.878 GC heap after
Heap after GC invocations=1964 (full 15):
 def new generation   total 76224K, used 4809K [0x03a00000, 0x08cb0000, 0x08f50000)
  eden space 67776K,   0% used [0x03a00000, 0x03a00000, 0x07c30000)
  from space 8448K,  56% used [0x07c30000, 0x080e2660, 0x08470000)
  to   space 8448K,   0% used [0x08470000, 0x08470000, 0x08cb0000)
 tenured generation   total 169160K, used 117669K [0x08f50000, 0x13482000, 0x13a00000)
   the space 169160K,  69% used [0x08f50000, 0x102395a8, 0x10239600, 0x13482000)
 Metaspace       used 14751K, capacity 15449K, committed 15488K, reserved 15744K
}
Event: 1604.471 GC heap before
{Heap before GC invocations=1964 (full 15):
 def new generation   total 76224K, used 72178K [0x03a00000, 0x08cb0000, 0x08f50000)
  eden space 67776K,  99% used [0x03a00000, 0x07bca350, 0x07c30000)
  from space 8448K,  56% used [0x07c30000, 0x080e2660, 0x08470000)
  to   space 8448K,   0% used [0x08470000, 0x08470000, 0x08cb0000)
 tenured generation   total 169160K, used 117669K [0x08f50000, 0x13482000, 0x13a00000)
   the space 169160K,  69% used [0x08f50000, 0x102395a8, 0x10239600, 0x13482000)
 Metaspace       used 14751K, capacity 15449K, committed 15488K, reserved 15744K
Event: 1604.482 GC heap after
Heap after GC invocations=1965 (full 15):
 def new generation   total 76224K, used 4809K [0x03a00000, 0x08cb0000, 0x08f50000)
  eden space 67776K,   0% used [0x03a00000, 0x03a00000, 0x07c30000)
  from space 8448K,  56% used [0x08470000, 0x08922678, 0x08cb0000)
  to   space 8448K,   0% used [0x07c30000, 0x07c30000, 0x08470000)
 tenured generation   total 169160K, used 118870K [0x08f50000, 0x13482000, 0x13a00000)
   the space 169160K,  70% used [0x08f50000, 0x10365ba0, 0x10365c00, 0x13482000)
 Metaspace       used 14751K, capacity 15449K, committed 15488K, reserved 15744K
}
Event: 1605.060 GC heap before
{Heap before GC invocations=1965 (full 15):
 def new generation   total 76224K, used 71873K [0x03a00000, 0x08cb0000, 0x08f50000)
  eden space 67776K,  98% used [0x03a00000, 0x07b7ddc8, 0x07c30000)
  from space 8448K,  56% used [0x08470000, 0x08922678, 0x08cb0000)
  to   space 8448K,   0% used [0x07c30000, 0x07c30000, 0x08470000)
 tenured generation   total 169160K, used 118870K [0x08f50000, 0x13482000, 0x13a00000)
   the space 169160K,  70% used [0x08f50000, 0x10365ba0, 0x10365c00, 0x13482000)
 Metaspace       used 14751K, capacity 15449K, committed 15488K, reserved 15744K
Event: 1605.071 GC heap after
Heap after GC invocations=1966 (full 15):
 def new generation   total 76224K, used 4809K [0x03a00000, 0x08cb0000, 0x08f50000)
  eden space 67776K,   0% used [0x03a00000, 0x03a00000, 0x07c30000)
  from space 8448K,  56% used [0x07c30000, 0x080e2708, 0x08470000)
  to   space 8448K,   0% used [0x08470000, 0x08470000, 0x08cb0000)
 tenured generation   total 169160K, used 120072K [0x08f50000, 0x13482000, 0x13a00000)
   the space 169160K,  70% used [0x08f50000, 0x10492268, 0x10492400, 0x13482000)
 Metaspace       used 14751K, capacity 15449K, committed 15488K, reserved 15744K
}
Event: 1605.712 GC heap before
{Heap before GC invocations=1966 (full 15):
 def new generation   total 76224K, used 72473K [0x03a00000, 0x08cb0000, 0x08f50000)
  eden space 67776K,  99% used [0x03a00000, 0x07c13fa0, 0x07c30000)
  from space 8448K,  56% used [0x07c30000, 0x080e2708, 0x08470000)
  to   space 8448K,   0% used [0x08470000, 0x08470000, 0x08cb0000)
 tenured generation   total 169160K, used 120072K [0x08f50000, 0x13482000, 0x13a00000)
   the space 169160K,  70% used [0x08f50000, 0x10492268, 0x10492400, 0x13482000)
 Metaspace       used 14751K, capacity 15449K, committed 15488K, reserved 15744K
Event: 1605.723 GC heap after
Heap after GC invocations=1967 (full 15):
 def new generation   total 76224K, used 4809K [0x03a00000, 0x08cb0000, 0x08f50000)
  eden space 67776K,   0% used [0x03a00000, 0x03a00000, 0x07c30000)
  from space 8448K,  56% used [0x08470000, 0x08922420, 0x08cb0000)
  to   space 8448K,   0% used [0x07c30000, 0x07c30000, 0x08470000)
 tenured generation   total 169160K, used 121274K [0x08f50000, 0x13482000, 0x13a00000)
   the space 169160K,  71% used [0x08f50000, 0x105be978, 0x105bea00, 0x13482000)
 Metaspace       used 14751K, capacity 15449K, committed 15488K, reserved 15744K
}
Event: 1606.320 GC heap before
{Heap before GC invocations=1967 (full 15):
 def new generation   total 76224K, used 71875K [0x03a00000, 0x08cb0000, 0x08f50000)
  eden space 67776K,  98% used [0x03a00000, 0x07b7e7f8, 0x07c30000)
  from space 8448K,  56% used [0x08470000, 0x08922420, 0x08cb0000)
  to   space 8448K,   0% used [0x07c30000, 0x07c30000, 0x08470000)
 tenured generation   total 169160K, used 121274K [0x08f50000, 0x13482000, 0x13a00000)
   the space 169160K,  71% used [0x08f50000, 0x105be978, 0x105bea00, 0x13482000)
 Metaspace       used 14751K, capacity 15449K, committed 15488K, reserved 15744K
Event: 1606.335 GC heap after
Heap after GC invocations=1968 (full 15):
 def new generation   total 76224K, used 5709K [0x03a00000, 0x08cb0000, 0x08f50000)
  eden space 67776K,   0% used [0x03a00000, 0x03a00000, 0x07c30000)
  from space 8448K,  67% used [0x07c30000, 0x081c3750, 0x08470000)
  to   space 8448K,   0% used [0x08470000, 0x08470000, 0x08cb0000)
 tenured generation   total 169160K, used 122475K [0x08f50000, 0x13482000, 0x13a00000)
   the space 169160K,  72% used [0x08f50000, 0x106eaf40, 0x106eb000, 0x13482000)
 Metaspace       used 14751K, capacity 15449K, committed 15488K, reserved 15744K
}

Deoptimization events (0 events):
No events

Internal exceptions (10 events):
Event: 1585.870 Thread 0x15062400 Exception <a 'java/lang/ClassNotFoundException': java/lang/ObjectCustomizer> (0x04df6f60) thrown at [C:\re\workspace\8-2-build-windows-i586-cygwin\jdk8u111\7883\hotspot\src\share\vm\classfile\systemDictionary.cpp, line 210]
Event: 1585.875 Thread 0x15062400 Exception <a 'java/lang/ClassNotFoundException': org/openpnp/model/AbstractModelObjectCustomizer> (0x05143558) thrown at [C:\re\workspace\8-2-build-windows-i586-cygwin\jdk8u111\7883\hotspot\src\share\vm\classfile\systemDictionary.cpp, line 210]
Event: 1585.878 Thread 0x15062400 Exception <a 'java/lang/ClassNotFoundException': org/openpnp/spi/base/AbstractCameraCustomizer> (0x05156eb0) thrown at [C:\re\workspace\8-2-build-windows-i586-cygwin\jdk8u111\7883\hotspot\src\share\vm\classfile\systemDictionary.cpp, line 210]
Event: 1585.882 Thread 0x15062400 Exception <a 'java/lang/ClassNotFoundException': org/openpnp/machine/reference/ReferenceCameraCustomizer> (0x05178c60) thrown at [C:\re\workspace\8-2-build-windows-i586-cygwin\jdk8u111\7883\hotspot\src\share\vm\classfile\systemDictionary.cpp, line 210]
Event: 1585.887 Thread 0x15062400 Exception <a 'java/lang/ClassNotFoundException': org/openpnp/machine/reference/camera/OpenCvCameraCustomizer> (0x051ab7b0) thrown at [C:\re\workspace\8-2-build-windows-i586-cygwin\jdk8u111\7883\hotspot\src\share\vm\classfile\systemDictionary.cpp, line 210
Event: 1585.889 Thread 0x15062400 Exception <a 'java/lang/ClassNotFoundException': java/lang/ObjectCustomizer> (0x051c7468) thrown at [C:\re\workspace\8-2-build-windows-i586-cygwin\jdk8u111\7883\hotspot\src\share\vm\classfile\systemDictionary.cpp, line 210]
Event: 1585.892 Thread 0x15062400 Exception <a 'java/lang/ClassNotFoundException': org/openpnp/model/AbstractModelObjectCustomizer> (0x051daa00) thrown at [C:\re\workspace\8-2-build-windows-i586-cygwin\jdk8u111\7883\hotspot\src\share\vm\classfile\systemDictionary.cpp, line 210]
Event: 1585.900 Thread 0x15062400 Exception <a 'java/lang/ClassNotFoundException': org/openpnp/spi/base/AbstractCameraCustomizer> (0x051ee358) thrown at [C:\re\workspace\8-2-build-windows-i586-cygwin\jdk8u111\7883\hotspot\src\share\vm\classfile\systemDictionary.cpp, line 210]
Event: 1585.907 Thread 0x15062400 Exception <a 'java/lang/ClassNotFoundException': org/openpnp/machine/reference/ReferenceCameraCustomizer> (0x052f1998) thrown at [C:\re\workspace\8-2-build-windows-i586-cygwin\jdk8u111\7883\hotspot\src\share\vm\classfile\systemDictionary.cpp, line 210]
Event: 1585.913 Thread 0x15062400 Exception <a 'java/lang/ClassNotFoundException': org/openpnp/machine/reference/camera/OpenCvCameraCustomizer> (0x05612518) thrown at [C:\re\workspace\8-2-build-windows-i586-cygwin\jdk8u111\7883\hotspot\src\share\vm\classfile\systemDictionary.cpp, line 210

Events (10 events):
Event: 1604.482 Executing VM operation: GenCollectForAllocation done
Event: 1604.935 Thread 0x01720800 flushing nmethod 0x0194e708
Event: 1604.935 Thread 0x01720800 flushing nmethod 0x01994648
Event: 1605.059 Executing VM operation: GenCollectForAllocation
Event: 1605.071 Executing VM operation: GenCollectForAllocation done
Event: 1605.162 Thread 0x01720800 flushing nmethod 0x01a3d048
Event: 1605.711 Executing VM operation: GenCollectForAllocation
Event: 1605.723 Executing VM operation: GenCollectForAllocation done
Event: 1606.319 Executing VM operation: GenCollectForAllocation
Event: 1606.335 Executing VM operation: GenCollectForAllocation done


Dynamic libraries:
0x00270000 - 0x002a3000 	C:\Program Files\Java\jre1.8.0_111\bin\javaw.exe
0x77ca0000 - 0x77e26000 	C:\WINDOWS\SYSTEM32\ntdll.dll
0x77180000 - 0x77216000 	C:\WINDOWS\System32\KERNEL32.DLL
0x74d80000 - 0x74f27000 	C:\WINDOWS\System32\KERNELBASE.dll
0x77960000 - 0x779d7000 	C:\WINDOWS\System32\ADVAPI32.dll
0x779e0000 - 0x77a9e000 	C:\WINDOWS\System32\msvcrt.dll
0x776b0000 - 0x776f1000 	C:\WINDOWS\System32\sechost.dll
0x774d0000 - 0x77593000 	C:\WINDOWS\System32\RPCRT4.dll
0x77b20000 - 0x77c69000 	C:\WINDOWS\System32\USER32.dll
0x754a0000 - 0x754b9000 	C:\WINDOWS\System32\win32u.dll
0x77c70000 - 0x77c9b000 	C:\WINDOWS\System32\GDI32.dll
0x74850000 - 0x749aa000 	C:\WINDOWS\System32\gdi32full.dll
0x70770000 - 0x7097a000 	C:\WINDOWS\WinSxS\x86_microsoft.windows.common-controls_6595b64144ccf1df_6.0.14393.953_none_89c2555adb023171\COMCTL32.dll
0x77220000 - 0x77431000 	C:\WINDOWS\System32\combase.dll
0x74a80000 - 0x74b60000 	C:\WINDOWS\System32\ucrtbase.dll
0x74ba0000 - 0x74bfa000 	C:\WINDOWS\System32\bcryptPrimitives.dll
0x77100000 - 0x77126000 	C:\WINDOWS\System32\IMM32.DLL
0x64ac0000 - 0x64b7f000 	C:\Program Files\Java\jre1.8.0_111\bin\msvcr100.dll
0x63ce0000 - 0x640ad000 	C:\Program Files\Java\jre1.8.0_111\bin\client\jvm.dll
0x770e0000 - 0x770e6000 	C:\WINDOWS\System32\PSAPI.DLL
0x66d60000 - 0x66d68000 	C:\WINDOWS\SYSTEM32\VERSION.dll
0x730e0000 - 0x73104000 	C:\WINDOWS\SYSTEM32\WINMM.dll
0x73160000 - 0x73168000 	C:\WINDOWS\SYSTEM32\WSOCK32.dll
0x77aa0000 - 0x77b03000 	C:\WINDOWS\System32\WS2_32.dll
0x00890000 - 0x008b3000 	C:\WINDOWS\SYSTEM32\WINMMBASE.dll
0x74b60000 - 0x74b96000 	C:\WINDOWS\System32\cfgmgr32.dll
0x70b90000 - 0x70b9c000 	C:\Program Files\Java\jre1.8.0_111\bin\verify.dll
0x6feb0000 - 0x6fed1000 	C:\Program Files\Java\jre1.8.0_111\bin\java.dll
0x6ee80000 - 0x6ee93000 	C:\Program Files\Java\jre1.8.0_111\bin\zip.dll
0x755c0000 - 0x76998000 	C:\WINDOWS\System32\SHELL32.dll
0x74f30000 - 0x7549e000 	C:\WINDOWS\System32\windows.storage.dll
0x747f0000 - 0x74835000 	C:\WINDOWS\System32\powrprof.dll
0x77130000 - 0x77176000 	C:\WINDOWS\System32\shlwapi.dll
0x74840000 - 0x7484d000 	C:\WINDOWS\System32\kernel.appcore.dll
0x77440000 - 0x774c8000 	C:\WINDOWS\System32\shcore.dll
0x747e0000 - 0x747ef000 	C:\WINDOWS\System32\profapi.dll
0x63b90000 - 0x63cd6000 	C:\Program Files\Java\jre1.8.0_111\bin\awt.dll
0x76f50000 - 0x76fe4000 	C:\WINDOWS\System32\OLEAUT32.dll
0x749b0000 - 0x74a2b000 	C:\WINDOWS\System32\msvcp_win.dll
0x731e0000 - 0x73272000 	C:\WINDOWS\SYSTEM32\apphelp.dll
0x73380000 - 0x733fa000 	C:\WINDOWS\system32\uxtheme.dll
0x76e10000 - 0x76f45000 	C:\WINDOWS\System32\MSCTF.dll
0x72bd0000 - 0x72bef000 	C:\WINDOWS\system32\dwmapi.dll
0x76ff0000 - 0x770db000 	C:\WINDOWS\System32\ole32.dll
0x68880000 - 0x688b9000 	C:\Program Files\Java\jre1.8.0_111\bin\fontmanager.dll
0x6f010000 - 0x6f026000 	C:\Program Files\Java\jre1.8.0_111\bin\net.dll
0x74220000 - 0x74270000 	C:\WINDOWS\system32\mswsock.dll
0x6fea0000 - 0x6feaf000 	C:\Program Files\Java\jre1.8.0_111\bin\nio.dll
0x68850000 - 0x68874000 	C:\Program Files\Java\jre1.8.0_111\bin\dcpr.dll
0x648c0000 - 0x64954000 	C:\WINDOWS\WinSxS\x86_microsoft.windows.common-controls_6595b64144ccf1df_5.82.14393.447_none_5507ded2cb4f7f4c\comctl32.dll
0x68620000 - 0x68652000 	C:\Program Files\Java\jre1.8.0_111\bin\t2k.dll
0x63aa0000 - 0x63b8e000 	C:\Program Files\Java\jre1.8.0_111\bin\msvcr120.dll
0x66a40000 - 0x66ab1000 	C:\Program Files\Java\jre1.8.0_111\bin\msvcp120.dll
0x6c7a0000 - 0x6c7be000 	C:\Program Files\Java\jre1.8.0_111\bin\prism_d3d.dll
0x63130000 - 0x6328f000 	C:\WINDOWS\system32\d3d9.dll
0x715b0000 - 0x717e6000 	C:\WINDOWS\SYSTEM32\d3d10warp.dll
0x685e0000 - 0x68613000 	C:\Program Files\Java\jre1.8.0_111\bin\glass.dll
0x775c0000 - 0x776a5000 	C:\WINDOWS\System32\COMDLG32.dll
0x689e0000 - 0x689f1000 	C:\Program Files\Java\jre1.8.0_111\bin\javafx_font.dll
0x616d0000 - 0x618c5000 	C:\WINDOWS\SYSTEM32\dwrite.dll
0x74390000 - 0x743a3000 	C:\WINDOWS\SYSTEM32\CRYPTSP.dll
0x73ee0000 - 0x73f0f000 	C:\WINDOWS\system32\rsaenh.dll
0x74470000 - 0x7448d000 	C:\WINDOWS\SYSTEM32\bcrypt.dll
0x740d0000 - 0x740ea000 	C:\WINDOWS\SYSTEM32\USERENV.dll
0x743b0000 - 0x743ba000 	C:\WINDOWS\SYSTEM32\CRYPTBASE.dll
0x74010000 - 0x7403f000 	C:\WINDOWS\SYSTEM32\IPHLPAPI.DLL
0x770f0000 - 0x770f7000 	C:\WINDOWS\System32\NSI.dll
0x70320000 - 0x70333000 	C:\WINDOWS\SYSTEM32\dhcpcsvc6.DLL
0x70370000 - 0x70384000 	C:\WINDOWS\SYSTEM32\dhcpcsvc.DLL
0x5cfb0000 - 0x5d7fd000 	C:\Users\QiHe\AppData\Local\Temp\4538886327053448049\nu\pattern\opencv\windows\x86_32\opencv_java2411.dll
0x68830000 - 0x68844000 	C:\WINDOWS\SYSTEM32\AVICAP32.dll
0x68070000 - 0x6808c000 	C:\WINDOWS\SYSTEM32\AVIFIL32.dll
0x684a0000 - 0x684c3000 	C:\WINDOWS\SYSTEM32\MSVFW32.dll
0x71800000 - 0x71818000 	C:\WINDOWS\SYSTEM32\MSACM32.dll
0x77870000 - 0x778f4000 	C:\WINDOWS\System32\clbcatq.dll
0x725f0000 - 0x7275e000 	C:\WINDOWS\SYSTEM32\WindowsCodecs.dll
0x727f0000 - 0x72834000 	C:\WINDOWS\system32\dataexchange.dll
0x72270000 - 0x724a0000 	C:\WINDOWS\system32\d3d11.dll
0x72cc0000 - 0x72dd3000 	C:\WINDOWS\system32\dcomp.dll
0x73a00000 - 0x73a83000 	C:\WINDOWS\system32\dxgi.dll
0x73630000 - 0x73721000 	C:\WINDOWS\system32\twinapi.appcore.dll
0x679b0000 - 0x679c5000 	C:\Windows\System32\devenum.dll
0x769a0000 - 0x76dab000 	C:\WINDOWS\System32\setupapi.dll
0x73dd0000 - 0x73df8000 	C:\WINDOWS\SYSTEM32\ntmarta.dll
0x73780000 - 0x737a2000 	C:\WINDOWS\SYSTEM32\DEVOBJ.dll
0x74a30000 - 0x74a74000 	C:\WINDOWS\System32\WINTRUST.dll
0x747d0000 - 0x747de000 	C:\WINDOWS\System32\MSASN1.dll
0x74c00000 - 0x74d7d000 	C:\WINDOWS\System32\CRYPT32.dll
0x669e0000 - 0x669e9000 	C:\WINDOWS\SYSTEM32\msdmo.dll
0x66b20000 - 0x66b5d000 	C:\Windows\System32\qcap.dll
0x62950000 - 0x62b02000 	C:\Windows\System32\quartz.dll
0x66080000 - 0x660bd000 	C:\Windows\System32\ksproxy.ax
0x65d50000 - 0x65d57000 	C:\Windows\System32\ksuser.dll
0x6cb70000 - 0x6cbaf000 	C:\WINDOWS\SYSTEM32\policymanager.dll
0x73560000 - 0x735c7000 	C:\Windows\System32\msvcp110_win.dll
0x6f0a0000 - 0x6f0ac000 	C:\Windows\System32\vidcap.ax
0x17c30000 - 0x17c68000 	C:\WINDOWS\SYSTEM32\o200avs.ax
0x62db0000 - 0x62e53000 	C:\WINDOWS\WinSxS\x86_microsoft.vc90.crt_1fc8b3b9a1e18e3b_9.0.30729.9247_none_5090cb78bcba4a35\MSVCR90.dll
0x62c20000 - 0x62ca8000 	C:\Windows\System32\hhctrl.ocx
0x66b00000 - 0x66b20000 	C:\Windows\System32\kswdmcap.ax
0x5ee10000 - 0x5ef39000 	C:\Windows\System32\MFC42.dll
0x62b80000 - 0x62c1a000 	C:\Windows\System32\ODBC32.dll
0x73f10000 - 0x73f18000 	C:\Windows\System32\DPAPI.dll
0x66220000 - 0x66231000 	C:\WINDOWS\System32\ksxbar.ax
0x624f0000 - 0x62581000 	C:\Windows\System32\qedit.dll
0x626e0000 - 0x62849000 	C:\WINDOWS\WinSxS\x86_microsoft.windows.gdiplus_6595b64144ccf1df_1.1.14393.953_none_baad48403594ab3f\gdiplus.dll
0x5d850000 - 0x5d93d000 	C:\Windows\System32\DDRAW.dll
0x6f030000 - 0x6f037000 	C:\Windows\System32\DCIMAN32.dll
0x65fd0000 - 0x6603d000 	C:\WINDOWS\SYSTEM32\D3DIM700.DLL
0x6dbd0000 - 0x6dc4b000 	C:\Program Files\Common Files\microsoft shared\ink\tiptsf.dll
0x65e60000 - 0x65e9d000 	C:\WINDOWS\SYSTEM32\edputil.dll
0x727a0000 - 0x727e3000 	C:\Windows\System32\thumbcache.dll
0x72940000 - 0x72a8f000 	C:\WINDOWS\system32\propsys.dll
0x64f00000 - 0x64fc1000 	C:\WINDOWS\SYSTEM32\ntshrui.dll
0x74550000 - 0x74573000 	C:\WINDOWS\SYSTEM32\SspiCli.dll
0x67f00000 - 0x67f1c000 	C:\WINDOWS\SYSTEM32\srvcli.dll
0x6a2c0000 - 0x6a2cf000 	C:\WINDOWS\SYSTEM32\cscapi.dll
0x6deb0000 - 0x6e0af000 	C:\Users\QiHe\AppData\Local\Microsoft\OneDrive\17.3.6743.1212\FileSyncShell.dll
0x67b30000 - 0x67d96000 	C:\WINDOWS\SYSTEM32\WININET.dll
0x70640000 - 0x7068f000 	C:\Users\QiHe\AppData\Local\Microsoft\OneDrive\17.3.6743.1212\Telemetry.dll
0x72c10000 - 0x72c28000 	C:\Users\QiHe\AppData\Local\Microsoft\OneDrive\17.3.6743.1212\LoggingPlatform.DLL
0x70de0000 - 0x70e01000 	C:\WINDOWS\SYSTEM32\Cabinet.dll
0x71a70000 - 0x71b10000 	C:\WINDOWS\SYSTEM32\WINHTTP.dll
0x70600000 - 0x70633000 	C:\Windows\System32\EhStorShell.dll
0x6f3a0000 - 0x6f450000 	C:\WINDOWS\System32\cscui.dll
0x661c0000 - 0x661d2000 	C:\WINDOWS\system32\mssprxy.dll
0x6faa0000 - 0x6fbe5000 	C:\WINDOWS\SYSTEM32\dbghelp.dll

VM Arguments:
jvm_args: -Dfile.encoding=UTF-8 
java_command: org.openpnp.Main
java_class_path (initial): C:\Users\QiHe\git\openpnp\target\classes;C:\Users\QiHe\.m2\repository\com\github\sarxos\webcam-capture\0.3.10\webcam-capture-0.3.10.jar;C:\Users\QiHe\.m2\repository\com\nativelibs4java\bridj\0.6.2\bridj-0.6.2.jar;C:\Users\QiHe\.m2\repository\org\slf4j\slf4j-api\1.7.2\slf4j-api-1.7.2.jar;C:\Users\QiHe\.m2\repository\org\ostermiller\utils\1.07.00\utils-1.07.00.jar;C:\Users\QiHe\.m2\repository\commons-codec\commons-codec\1.6\commons-codec-1.6.jar;C:\Users\QiHe\.m2\repository\org\jdesktop\beansbinding\1.2.1\beansbinding-1.2.1.jar;C:\Users\QiHe\.m2\repository\org\slf4j\slf4j-log4j12\1.7.21\slf4j-log4j12-1.7.21.jar;C:\Users\QiHe\.m2\repository\log4j\log4j\1.2.17\log4j-1.2.17.jar;C:\Users\QiHe\.m2\repository\org\simpleframework\simple-xml\2.7.1\simple-xml-2.7.1.jar;C:\Users\QiHe\.m2\repository\stax\stax-api\1.0.1\stax-api-1.0.1.jar;C:\Users\QiHe\.m2\repository\stax\stax\1.2.0\stax-1.2.0.jar;C:\Users\QiHe\.m2\repository\xpp3\xpp3\1.1.3.3\xpp3-1.1.3.3.jar;C:\Users\QiHe\.m2\repository\commons-io\commons-io\2.1\commons-io-2.1.jar;C:\Users\QiHe\.m2\repository\org\scream3r\jssc\2.8.0\jssc-2.8.0.jar;C:\Users\QiHe\.m2\repository\org\swinglabs\swingx\swingx-all\1.6.4\swingx-all-1.6.4.jar;C:\Users\QiHe\.m2\repository\org\openpnp\opencv\2.4.11-2\opencv-2.4.11-2.jar;C:\Users\QiHe\.m2\repository\com\google\code\gson\gson\2.2.3\gson-2.2.3.jar;C:\Users\QiHe\.m2\repository\org\apache\xmlgraphics\batik-transcoder\1.7\batik-transcoder-1.7.jar;C:\Users\QiHe\.m2\repository\org\apache\xmlgraphics\fop\0.94\fop-0.94.jar;C:\Users\QiHe\.m2\repository\org\apache\xmlgraphics\xmlgraphics-commons\1.2\xmlgraphics-commons-1.2.jar;C:\Users\QiHe\.m2\repository\commons-logging\commons-logging\1.0.4\commons-logging-1.0.4.jar;C:\Users\QiHe\.m2\repository\org\apache\avalon\framework\avalon-framework-api\4.3.1\avalon-framework-api-4.3.1.jar;C:\Users\QiHe\.m2\repository\org\apache\avalon\framework\avalon-framework-impl\4.3.1\avalon-framework-impl-4.3.1.jar;C:\Users\QiHe\.m2\reposito
Launcher Type: SUN_STANDARD

Environment Variables:
PATH=C:/Program Files/Java/jre1.8.0_111/bin/client;C:/Program Files/Java/jre1.8.0_111/bin;C:/Program Files/Java/jre1.8.0_111/lib/i386;C:\ProgramData\Oracle\Java\javapath;C:\WINDOWS\system32;C:\WINDOWS;C:\WINDOWS\System32\Wbem;C:\WINDOWS\System32\WindowsPowerShell\v1.0\;C:\WINDOWS\system32\config\systemprofile\.dnx\bin;C:\Program Files\Microsoft DNX\Dnvm\;C:\Program Files\Windows Kits\8.1\Windows Performance Toolkit\;C:\Users\QiHe\AppData\Local\Microsoft\WindowsApps;;C:\Users\QiHe\Desktop;
USERNAME=QiHe
OS=Windows_NT
PROCESSOR_IDENTIFIER=x86 Family 6 Model 54 Stepping 1, GenuineIntel



---------------  S Y S T E M  ---------------

OS: Windows 10.0 Build 14393 (10.0.14393.0)

CPU:total 4 (2 cores per cpu, 2 threads per core) family 6 model 54 stepping 1, cmov, cx8, fxsr, mmx, sse, sse2, sse3, ssse3, ht, tsc, tscinvbit

Memory: 4k page, physical 2084720k(473240k free), swap 2740080k(618176k free)

vm_info: Java HotSpot(TM) Client VM (25.111-b14) for windows-x86 JRE (1.8.0_111-b14), built on Sep 22 2016 18:54:33 by "java_re" with MS VC++ 10.0 (VS2010)

time: Sun Apr 16 15:08:45 2017
elapsed time: 1606 seconds (0d 0h 26m 46s)

